服务已启动
/login.html
/login.js
/getData
服务已启动
/login.html
/login.js
/getData
服务已启动
/login.html
/login.js
/getData
服务已启动
/login.html
/login.js
/getData
服务已启动
/login.html
/login.js
/getData
服务已启动
/login.html
/login.js
/getData
/login
/login
/login
服务已启动
/login.html
/login.js
/getData
服务已启动
/login.html
/login.js
/getData
/login
服务已启动
/login.html
/login.js
/getData
/login
/login
服务已启动
/login.html
/login.js
/getData
/login
/login
服务已启动
/login.html
/login.js
/getData
/login
/login
/login
/login
服务已启动
/login.html
/login.js
/getData
服务已启动
服务已启动
/login.html
/login.js
/getData
服务已启动
/login.html
/login.js
/getData
/login
/err.html
/login
/err.html
服务已启动
/login.html
/login.js
/getData
/login
/success.html
/login
/login
/login
/login
/login
/success.html
/login
服务已启动
/login.html
/login.js
/getData
/login
/success.html
/login
/error.html
/error.html
服务已启动
/login.html
/login.js
/getData
/login
服务已启动
/login.html
/login.js
/getData
/login
/error.html
/error.html
/login
/error.html
/error.html
服务已启动
/login
/success.html
/error.html
服务已启动
/login
/success.html
/error.html
服务已启动
/login
/success.html
/error.html
/error.html
/login
/success.html
/error.html
/login.html
/login.js
/getData
服务已启动
/login.html
/login.js
/getData
/login
/success.html
/login
/error.html
服务已启动
/login.html
/login.js
/getData
/login
/error.html
/login.html
/login.js
/getData
/login.html
/login
/error.html
/login.html
/login.js
/getData
/login.html
服务已启动
/error.html
/login.html
/login.js
/getData
/login.html
/login
/success.html
/login
/error.html
/login.html
/login.js
/getData
/login.html
/login
/success.html
/login
/error.html
